[10:02:57] [ServerMain/INFO]: [bootstrap] Running Java 21 (Java HotSpot(TM) 64-Bit Server VM 21.0.10+8-LTS-217; Oracle Corporation null) on Windows 11 10.0 (amd64)
[10:02:57] [ServerMain/INFO]: [bootstrap] Loading Paper 1.21.4-232-ver/1.21.4@12d8fe0 (2025-06-09T10:15:42Z) for Minecraft 1.21.4
[10:02:57] [ServerMain/INFO]: [PluginInitializerManager] Initializing plugins...
[10:02:57] [Paper Plugin Remapper Thread - 2/INFO]: [PluginRemapper] Remapping plugin 'C:\Users\jangsungwoo\IdeaProjects\projectfrontier\build\libs\ProjectFrontier-0.1.0.jar'...
[10:02:58] [Paper Plugin Remapper Thread - 2/INFO]: [PluginRemapper] Done remapping plugin 'C:\Users\jangsungwoo\IdeaProjects\projectfrontier\build\libs\ProjectFrontier-0.1.0.jar' in 216ms.
[10:02:58] [ServerMain/INFO]: [PluginInitializerManager] Initialized 1 plugin
[10:02:58] [ServerMain/INFO]: [PluginInitializerManager] Bukkit plugins (1):
 - Frontier (0.1.0)
[10:03:01] [ServerMain/INFO]: Environment: Environment[sessionHost=https://sessionserver.mojang.com, servicesHost=https://api.minecraftservices.com, name=PROD]
[10:03:01] [ServerMain/INFO]: Found new data pack file/bukkit, loading it automatically
[10:03:01] [ServerMain/INFO]: Found new data pack paper, loading it automatically
[10:03:01] [ServerMain/INFO]: No existing world data, creating new world
[10:03:02] [ServerMain/INFO]: Loaded 1370 recipes
[10:03:02] [ServerMain/INFO]: Loaded 1481 advancements
[10:03:02] [ServerMain/INFO]: [MCTypeRegistry] Initialising converters for DataConverter...
[10:03:02] [ServerMain/INFO]: [MCTypeRegistry] Finished initialising converters for DataConverter in 153.8ms
[10:03:02] [Server thread/INFO]: Starting minecraft server version 1.21.4
[10:03:02] [Server thread/INFO]: Loading properties
[10:03:02] [Server thread/INFO]: This server is running Paper version 1.21.4-232-ver/1.21.4@12d8fe0 (2025-06-09T10:15:42Z) (Implementing API version 1.21.4-R0.1-SNAPSHOT)
[10:03:02] [Server thread/INFO]: [spark] This server bundles the spark profiler. For more information please visit https://docs.papermc.io/paper/profiling
[10:03:02] [Server thread/INFO]: Server Ping Player Sample Count: 12
[10:03:02] [Server thread/INFO]: Using 4 threads for Netty based IO
[10:03:03] [Server thread/INFO]: [MoonriseCommon] Paper is using 3 worker threads, 1 I/O threads
[10:03:03] [Server thread/INFO]: [ChunkTaskScheduler] Chunk system is using population gen parallelism: true
[10:03:03] [Server thread/INFO]: Default game type: SURVIVAL
[10:03:03] [Server thread/INFO]: Generating keypair
[10:03:03] [Server thread/INFO]: Starting Minecraft server on *:25565
[10:03:03] [Server thread/INFO]: Using default channel type
[10:03:03] [Server thread/INFO]: Paper: Using Java compression from Velocity.
[10:03:03] [Server thread/INFO]: Paper: Using Java cipher from Velocity.
[10:03:03] [Server thread/INFO]: [Frontier] Loading server plugin Frontier v0.1.0
[10:03:03] [Server thread/INFO]: Preparing level "world"
[10:03:05] [Server thread/INFO]: Preparing start region for dimension minecraft:overworld
[10:03:05] [Server thread/INFO]: Preparing spawn area: 0%
[10:03:06] [Server thread/INFO]: Preparing spawn area: 12%
[10:03:06] [Server thread/INFO]: Preparing spawn area: 51%
[10:03:06] [Server thread/INFO]: Time elapsed: 1130 ms
[10:03:06] [Server thread/INFO]: Preparing start region for dimension minecraft:the_nether
[10:03:06] [Server thread/INFO]: Preparing spawn area: 2%
[10:03:07] [Server thread/INFO]: Time elapsed: 385 ms
[10:03:07] [Server thread/INFO]: Preparing start region for dimension minecraft:the_end
[10:03:07] [Server thread/INFO]: Preparing spawn area: 2%
[10:03:07] [Server thread/INFO]: Time elapsed: 287 ms
[10:03:07] [Server thread/INFO]: [Frontier] Enabling Frontier v0.1.0
[10:03:07] [Server thread/INFO]: [Frontier] [Config] 초기화 완료
[10:03:07] [Server thread/INFO]: [Frontier] Project Frontier v0.1.0 활성화 완료
[10:03:07] [Server thread/INFO]: [spark] Starting background profiler...
[10:03:07] [Server thread/INFO]: [spark] The async-profiler engine is not supported for your os/arch (windows11/amd64), so the built-in Java engine will be used instead.
[10:03:07] [Server thread/INFO]: Done preparing level "world" (4.108s)
[10:03:07] [Server thread/INFO]: Running delayed init tasks
[10:03:07] [Server thread/INFO]: Done (11.265s)! For help, type "help"
[10:03:07] [Server thread/INFO]: *************************************************************************************
[10:03:07] [Server thread/INFO]: This is the first time you're starting this server.
[10:03:07] [Server thread/INFO]: It's recommended you read our 'Getting Started' documentation for guidance.
[10:03:07] [Server thread/INFO]: View this and more helpful information here: https://docs.papermc.io/paper/next-steps
[10:03:07] [Server thread/INFO]: *************************************************************************************
[10:03:28] [Server thread/INFO]: Stopping the server
[10:03:28] [Server thread/INFO]: Stopping server
[10:03:28] [Server thread/INFO]: [Frontier] Disabling Frontier v0.1.0
[10:03:28] [Server thread/INFO]: [Frontier] [Config] 종료 완료
[10:03:28] [Server thread/INFO]: [Frontier] Project Frontier 비활성화 완료
[10:03:28] [Server thread/INFO]: Saving players
[10:03:28] [Server thread/INFO]: Saving worlds
[10:03:28] [Server thread/INFO]: Saving chunks for level 'ServerLevel[world]'/minecraft:overworld
[10:03:28] [Server thread/INFO]: [ChunkHolderManager] Waiting 60s for chunk system to halt for world 'world'
[10:03:28] [Server thread/INFO]: [ChunkHolderManager] Halted chunk system for world 'world'
[10:03:28] [Server thread/INFO]: [ChunkHolderManager] Saving all chunkholders for world 'world'
[10:03:29] [Server thread/INFO]: [ChunkHolderManager] Saved 841 block chunks, 49 entity chunks, 0 poi chunks in world 'world' in 0.25s
[10:03:29] [Server thread/INFO]: [ChunkHolderManager] Waiting 60s for chunk I/O to halt for world 'world'
[10:03:29] [Server thread/INFO]: [ChunkHolderManager] Halted I/O scheduler for world 'world'
[10:03:29] [Server thread/INFO]: Saving chunks for level 'ServerLevel[world_nether]'/minecraft:the_nether
[10:03:29] [Server thread/INFO]: [ChunkHolderManager] Waiting 60s for chunk system to halt for world 'world_nether'
[10:03:29] [Server thread/INFO]: [ChunkHolderManager] Halted chunk system for world 'world_nether'
[10:03:29] [Server thread/INFO]: [ChunkHolderManager] Saving all chunkholders for world 'world_nether'
[10:03:29] [Server thread/INFO]: [ChunkHolderManager] Saved 841 block chunks, 49 entity chunks, 0 poi chunks in world 'world_nether' in 0.13s
[10:03:29] [Server thread/INFO]: [ChunkHolderManager] Waiting 60s for chunk I/O to halt for world 'world_nether'
[10:03:29] [Server thread/INFO]: [ChunkHolderManager] Halted I/O scheduler for world 'world_nether'
[10:03:29] [Server thread/INFO]: Saving chunks for level 'ServerLevel[world_the_end]'/minecraft:the_end
[10:03:29] [Server thread/INFO]: [ChunkHolderManager] Waiting 60s for chunk system to halt for world 'world_the_end'
[10:03:29] [Server thread/INFO]: [ChunkHolderManager] Halted chunk system for world 'world_the_end'
[10:03:29] [Server thread/INFO]: [ChunkHolderManager] Saving all chunkholders for world 'world_the_end'
[10:03:29] [Server thread/INFO]: [ChunkHolderManager] Saved 841 block chunks, 49 entity chunks, 0 poi chunks in world 'world_the_end' in 0.13s
[10:03:29] [Server thread/INFO]: [ChunkHolderManager] Waiting 60s for chunk I/O to halt for world 'world_the_end'
[10:03:29] [Server thread/INFO]: [ChunkHolderManager] Halted I/O scheduler for world 'world_the_end'
[10:03:29] [Server thread/INFO]: ThreadedAnvilChunkStorage (world): All chunks are saved
[10:03:29] [Server thread/INFO]: ThreadedAnvilChunkStorage (DIM-1): All chunks are saved
[10:03:29] [Server thread/INFO]: ThreadedAnvilChunkStorage (DIM1): All chunks are saved
[10:03:29] [Server thread/INFO]: ThreadedAnvilChunkStorage: All dimensions are saved
[10:03:29] [Server thread/INFO]: Waiting for I/O tasks to complete...
[10:03:29] [Server thread/INFO]: All I/O tasks to complete
[10:03:29] [Server thread/INFO]: [MoonriseCommon] Awaiting termination of worker pool for up to 60s...
[10:03:29] [Server thread/INFO]: [MoonriseCommon] Awaiting termination of I/O pool for up to 60s...
